# JRE version: OpenJDK Runtime Environment (8.0_242-b01) (build 1.8.0_242-release-1644-b01)
# Java VM: OpenJDK 64-Bit Server VM (25.242-b01 mixed mode windows-amd64 compressed oops)
Heap:
 PSYoungGen      total 180224K, used 11876K [0x00000000d5580000, 0x00000000e2000000, 0x0000000100000000)
  eden space 169472K, 7% used [0x00000000d5580000,0x00000000d61193e0,0x00000000dfb00000)
  from space 10752K, 0% used [0x00000000e1580000,0x00000000e1580000,0x00000000e2000000)
  to   space 12800K, 0% used [0x00000000e0700000,0x00000000e0700000,0x00000000e1380000)
 ParOldGen       total 133632K, used 33614K [0x0000000080000000, 0x0000000088280000, 0x00000000d5580000)
  object space 133632K, 25% used [0x0000000080000000,0x00000000820d3ad8,0x0000000088280000)
 Metaspace       used 57606K, capacity 59938K, committed 60376K, reserved 1101824K
  class space    used 7587K, capacity 8085K, committed 8192K, reserved 1048576K
GC Heap History (10 events):
Event: 5.093 GC heap before
{Heap before GC invocations=9 (full 2):
 PSYoungGen      total 117760K, used 6954K [0x00000000d5580000, 0x00000000e2180000, 0x0000000100000000)
  eden space 105472K, 0% used [0x00000000d5580000,0x00000000d5580000,0x00000000dbc80000)
  from space 12288K, 56% used [0x00000000dbc80000,0x00000000dc34a998,0x00000000dc880000)
  to   space 12288K, 0% used [0x00000000e1580000,0x00000000e1580000,0x00000000e2180000)
 ParOldGen       total 95744K, used 7183K [0x0000000080000000, 0x0000000085d80000, 0x00000000d5580000)
  object space 95744K, 7% used [0x0000000080000000,0x0000000080703f70,0x0000000085d80000)
 Metaspace       used 34165K, capacity 35322K, committed 35456K, reserved 1079296K
  class space    used 4615K, capacity 4918K, committed 4992K, reserved 1048576K
Event: 5.138 GC heap after
Heap after GC invocations=9 (full 2):
 PSYoungGen      total 117760K, used 0K [0x00000000d5580000, 0x00000000e2180000, 0x0000000100000000)
  eden space 105472K, 0% used [0x00000000d5580000,0x00000000d5580000,0x00000000dbc80000)
  from space 12288K, 0% used [0x00000000dbc80000,0x00000000dbc80000,0x00000000dc880000)
  to   space 12288K, 0% used [0x00000000e1580000,0x00000000e1580000,0x00000000e2180000)
 ParOldGen       total 133632K, used 13668K [0x0000000080000000, 0x0000000088280000, 0x00000000d5580000)
  object space 133632K, 10% used [0x0000000080000000,0x0000000080d59250,0x0000000088280000)
 Metaspace       used 34165K, capacity 35322K, committed 35456K, reserved 1079296K
  class space    used 4615K, capacity 4918K, committed 4992K, reserved 1048576K
}
Event: 6.208 GC heap before
{Heap before GC invocations=10 (full 2):
 PSYoungGen      total 117760K, used 105472K [0x00000000d5580000, 0x00000000e2180000, 0x0000000100000000)
  eden space 105472K, 100% used [0x00000000d5580000,0x00000000dbc80000,0x00000000dbc80000)
  from space 12288K, 0% used [0x00000000dbc80000,0x00000000dbc80000,0x00000000dc880000)
  to   space 12288K, 0% used [0x00000000e1580000,0x00000000e1580000,0x00000000e2180000)
 ParOldGen       total 133632K, used 13668K [0x0000000080000000, 0x0000000088280000, 0x00000000d5580000)
  object space 133632K, 10% used [0x0000000080000000,0x0000000080d59250,0x0000000088280000)
 Metaspace       used 40019K, capacity 41562K, committed 41600K, reserved 1085440K
  class space    used 5367K, capacity 5740K, committed 5760K, reserved 1048576K
Event: 6.219 GC heap after
Heap after GC invocations=10 (full 2):
 PSYoungGen      total 180224K, used 10543K [0x00000000d5580000, 0x00000000e2000000, 0x0000000100000000)
  eden space 169472K, 0% used [0x00000000d5580000,0x00000000d5580000,0x00000000dfb00000)
  from space 10752K, 98% used [0x00000000e1580000,0x00000000e1fcbf30,0x00000000e2000000)
  to   space 12800K, 0% used [0x00000000e0700000,0x00000000e0700000,0x00000000e1380000)
 ParOldGen       total 133632K, used 13676K [0x0000000080000000, 0x0000000088280000, 0x00000000d5580000)
  object space 133632K, 10% used [0x0000000080000000,0x0000000080d5b250,0x0000000088280000)
 Metaspace       used 40019K, capacity 41562K, committed 41600K, reserved 1085440K
  class space    used 5367K, capacity 5740K, committed 5760K, reserved 1048576K
}
Event: 8.384 GC heap before
{Heap before GC invocations=11 (full 2):
 PSYoungGen      total 180224K, used 180015K [0x00000000d5580000, 0x00000000e2000000, 0x0000000100000000)
  eden space 169472K, 100% used [0x00000000d5580000,0x00000000dfb00000,0x00000000dfb00000)
  from space 10752K, 98% used [0x00000000e1580000,0x00000000e1fcbf30,0x00000000e2000000)
  to   space 12800K, 0% used [0x00000000e0700000,0x00000000e0700000,0x00000000e1380000)
 ParOldGen       total 133632K, used 13676K [0x0000000080000000, 0x0000000088280000, 0x00000000d5580000)
  object space 133632K, 10% used [0x0000000080000000,0x0000000080d5b250,0x0000000088280000)
 Metaspace       used 50871K, capacity 53066K, committed 53376K, reserved 1095680K
  class space    used 6739K, capacity 7194K, committed 7296K, reserved 1048576K
Event: 8.400 GC heap after
Heap after GC invocations=11 (full 2):
 PSYoungGen      total 182272K, used 12772K [0x00000000d5580000, 0x00000000e2000000, 0x0000000100000000)
  eden space 169472K, 0% used [0x00000000d5580000,0x00000000d5580000,0x00000000dfb00000)
  from space 12800K, 99% used [0x00000000e0700000,0x00000000e1379310,0x00000000e1380000)
  to   space 10752K, 0% used [0x00000000e1580000,0x00000000e1580000,0x00000000e2000000)
 ParOldGen       total 133632K, used 21448K [0x0000000080000000, 0x0000000088280000, 0x00000000d5580000)
  object space 133632K, 16% used [0x0000000080000000,0x00000000814f2278,0x0000000088280000)
 Metaspace       used 50871K, capacity 53066K, committed 53376K, reserved 1095680K
  class space    used 6739K, capacity 7194K, committed 7296K, reserved 1048576K
}
Event: 9.418 GC heap before
{Heap before GC invocations=12 (full 2):
 PSYoungGen      total 182272K, used 92985K [0x00000000d5580000, 0x00000000e2000000, 0x0000000100000000)
  eden space 169472K, 47% used [0x00000000d5580000,0x00000000da3d5250,0x00000000dfb00000)
  from space 12800K, 99% used [0x00000000e0700000,0x00000000e1379310,0x00000000e1380000)
  to   space 10752K, 0% used [0x00000000e1580000,0x00000000e1580000,0x00000000e2000000)
 ParOldGen       total 133632K, used 21448K [0x0000000080000000, 0x0000000088280000, 0x00000000d5580000)
  object space 133632K, 16% used [0x0000000080000000,0x00000000814f2278,0x0000000088280000)
 Metaspace       used 56590K, capacity 59060K, committed 59096K, reserved 1099776K
  class space    used 7426K, capacity 7905K, committed 7936K, reserved 1048576K
Event: 9.433 GC heap after
Heap after GC invocations=12 (full 2):
 PSYoungGen      total 180224K, used 10724K [0x00000000d5580000, 0x00000000e2000000, 0x0000000100000000)
  eden space 169472K, 0% used [0x00000000d5580000,0x00000000d5580000,0x00000000dfb00000)
  from space 10752K, 99% used [0x00000000e1580000,0x00000000e1ff9320,0x00000000e2000000)
  to   space 12800K, 0% used [0x00000000e0700000,0x00000000e0700000,0x00000000e1380000)
 ParOldGen       total 133632K, used 32317K [0x0000000080000000, 0x0000000088280000, 0x00000000d5580000)
  object space 133632K, 24% used [0x0000000080000000,0x0000000081f8f708,0x0000000088280000)
 Metaspace       used 56590K, capacity 59060K, committed 59096K, reserved 1099776K
  class space    used 7426K, capacity 7905K, committed 7936K, reserved 1048576K
}
Event: 9.433 GC heap before
{Heap before GC invocations=13 (full 3):
 PSYoungGen      total 180224K, used 10724K [0x00000000d5580000, 0x00000000e2000000, 0x0000000100000000)
  eden space 169472K, 0% used [0x00000000d5580000,0x00000000d5580000,0x00000000dfb00000)
  from space 10752K, 99% used [0x00000000e1580000,0x00000000e1ff9320,0x00000000e2000000)
  to   space 12800K, 0% used [0x00000000e0700000,0x00000000e0700000,0x00000000e1380000)
 ParOldGen       total 133632K, used 32317K [0x0000000080000000, 0x0000000088280000, 0x00000000d5580000)
  object space 133632K, 24% used [0x0000000080000000,0x0000000081f8f708,0x0000000088280000)
 Metaspace       used 56590K, capacity 59060K, committed 59096K, reserved 1099776K
  class space    used 7426K, capacity 7905K, committed 7936K, reserved 1048576K
Event: 9.621 GC heap after
Heap after GC invocations=13 (full 3):
 PSYoungGen      total 180224K, used 0K [0x00000000d5580000, 0x00000000e2000000, 0x0000000100000000)
  eden space 169472K, 0% used [0x00000000d5580000,0x00000000d5580000,0x00000000dfb00000)
  from space 10752K, 0% used [0x00000000e1580000,0x00000000e1580000,0x00000000e2000000)
  to   space 12800K, 0% used [0x00000000e0700000,0x00000000e0700000,0x00000000e1380000)
 ParOldGen       total 133632K, used 33614K [0x0000000080000000, 0x0000000088280000, 0x00000000d5580000)
  object space 133632K, 25% used [0x0000000080000000,0x00000000820d3ad8,0x0000000088280000)
 Metaspace       used 56463K, capacity 58712K, committed 59096K, reserved 1099776K
  class space    used 7390K, capacity 7856K, committed 7936K, reserved 1048576K
}

